Build started 9/29/2016 10:00:39 AM.
     1>Project "C:\Users\Venzo\Documents\Visual Studio 2010\Projects\drawCurves\drawCurves\drawCurves.vcxproj" on node 2 (build target(s)).
     1>InitializeBuildStatus:
         Creating "Debug\drawCurves.unsuccessfulbuild" because "AlwaysCreate" was specified.
       ClCompile:
         All outputs are up-to-date.
         C:\Program Files (x86)\Microsoft Visual Studio 10.0\VC\bin\CL.exe /c /ZI /nologo /W3 /WX- /Od /Oy- /D WIN32 /D _WINDOWS /D _DEBUG /D _MBCS /D _AFXDLL /Gm /EHsc /RTC1 /MDd /GS /fp:precise /Zc:wchar_t /Zc:forScope /Yu"StdAfx.h" /Fp"Debug\drawCurves.pch" /Fo"Debug\\" /Fd"Debug\vc100.pdb" /Gd /TP /analyze- /errorReport:prompt drawCurvesDoc.cpp
         drawCurvesDoc.cpp
       ResourceCompile:
         All outputs are up-to-date.
       ManifestResourceCompile:
         All outputs are up-to-date.
       Link:
         C:\Program Files (x86)\Microsoft Visual Studio 10.0\VC\bin\link.exe /ERRORREPORT:PROMPT /OUT:"C:\Users\Venzo\Documents\Visual Studio 2010\Projects\drawCurves\Debug\drawCurves.exe" /INCREMENTAL /NOLOGO /MANIFEST /ManifestFile:"Debug\drawCurves.exe.intermediate.manifest" /MANIFESTUAC:"level='asInvoker' uiAccess='false'" /DEBUG /PDB:"C:\Users\Venzo\Documents\Visual Studio 2010\Projects\drawCurves\Debug\drawCurves.pdb" /SUBSYSTEM:WINDOWS /TLBID:1 /DYNAMICBASE /NXCOMPAT /IMPLIB:"C:\Users\Venzo\Documents\Visual Studio 2010\Projects\drawCurves\Debug\drawCurves.lib" /MACHINE:X86 Debug\drawCurves.res
         Debug\drawCurves.exe.embed.manifest.res
         Debug\drawCurves.obj
         Debug\drawCurvesDoc.obj
         Debug\drawCurvesView.obj
         Debug\MainFrm.obj
         Debug\MyDialog.obj
         Debug\stdafx.obj
       Manifest:
         C:\Program Files (x86)\Microsoft SDKs\Windows\v7.0A\bin\mt.exe /nologo /verbose /out:"Debug\drawCurves.exe.embed.manifest" /manifest Debug\drawCurves.exe.intermediate.manifest "C:\Program Files (x86)\Microsoft Visual Studio 10.0\VC\Include\Manifest\dpiaware.manifest"
         All outputs are up-to-date.
       LinkEmbedManifest:
         All outputs are up-to-date.
         drawCurves.vcxproj -> C:\Users\Venzo\Documents\Visual Studio 2010\Projects\drawCurves\Debug\drawCurves.exe
       FinalizeBuildStatus:
         Deleting file "Debug\drawCurves.unsuccessfulbuild".
         Touching "Debug\drawCurves.lastbuildstate".
     1>Done Building Project "C:\Users\Venzo\Documents\Visual Studio 2010\Projects\drawCurves\drawCurves\drawCurves.vcxproj" (build target(s)).

Build succeeded.

Time Elapsed 00:00:00.63
